2019-12-17 02:20:38,888  INFO  Был вызван метод по поиску пользователя
2019-12-17 02:21:09,484  INFO  Был вызван метод по поиску пользователя
2019-12-17 02:21:16,572  INFO  Был вызван метод по поиску пользователя
2019-12-17 03:12:52,245  INFO  Был вызван метод по поиску пользователя
2019-12-17 03:13:41,033  INFO  Был вызван метод по поиску пользователя
2019-12-17 03:14:18,752  INFO  Был вызван метод по поиску пользователя
2019-12-17 03:15:02,025  INFO  Был вызван метод по поиску пользователя
2019-12-17 03:15:58,603  INFO  Был вызван метод по поиску пользователя
2019-12-17 03:23:54,634  INFO  Был вызван метод по созданию списка заказов
2019-12-17 03:27:41,778  INFO  Был вызван метод по созданию списка заказов
2019-12-17 03:28:00,141  INFO  Был вызван метод по созданию списка заказов
2019-12-17 03:28:02,239  INFO  Был вызван метод по созданию списка товаров
2019-12-17 03:28:03,476  INFO  Был вызван метод по созданию списка заказов
2019-12-17 03:28:06,502  INFO  Был вызван метод по созданию списка товаров
2019-12-17 03:28:10,816  INFO  Был вызван метод по созданию списка поставщиков
2019-12-17 03:31:06,558  INFO  Был вызван метод по созданию списка заказов
2019-12-17 03:31:32,074  INFO  Был вызван метод по созданию списка пользователей
2019-12-17 03:31:35,345  INFO  Был вызван метод по созданию списка поставщиков
2019-12-17 03:31:38,385  INFO  Был вызван метод по созданию списка товаров
2019-12-17 03:31:41,118  INFO  Был вызван метод по созданию списка заказов
2019-12-17 03:31:56,035  INFO  Был вызван метод по созданию списка товаров
2019-12-17 03:31:58,434  INFO  Был вызван метод по созданию списка заказов
2019-12-17 03:31:59,638  INFO  Был вызван метод по созданию списка товаров
2019-12-17 03:32:02,345  INFO  Был вызван метод по созданию списка товаров
2019-12-17 03:32:08,589  INFO  Был вызван метод по созданию списка поставщиков
2019-12-17 03:32:12,340  INFO  Был вызван метод по созданию списка пользователей
2019-12-17 05:47:27,171  INFO  Был вызван метод по поиску пользователя
2019-12-17 06:36:47,069  INFO  Был вызван метод по поиску пользователя
2019-12-17 06:36:59,499  INFO  Был вызван метод по созданию списка пользователей
2019-12-17 06:37:55,358  INFO  Был вызван метод по созданию списка товаров
2019-12-17 06:38:06,343  INFO  Был вызван метод по созданию списка товаров
2019-12-17 06:38:09,360  INFO  Был вызван метод по созданию списка товаров
2019-12-17 06:38:10,700  INFO  Был вызван метод по созданию списка поставщиков
